<?xml version="1.0" encoding="utf-8"?><testsuites><testsuite name="pytest" errors="0" failures="0" skipped="0" tests="7" time="12.829" timestamp="2025-04-10T18:49:12.466230+02:00" hostname="mlt-nt55"><testcase classname="test.test_preconditions_test1_test2_postconditions" name="test_one" time="0.001" /><testcase classname="test.test_preconditions_test1_test2_postconditions" name="test_two" time="0.001" /><testcase classname="test.test_setup_teardown" name="test_one" time="0.001" /><testcase classname="test.test_setup_teardown" name="test_two" time="0.000" /><testcase classname="test.test_site_S_6" name="test_open_s6" time="3.583" /><testcase classname="test.test_site_S_6_and_two_moniks" name="test_open_s6" time="5.071" /><testcase classname="test.test_site_S_6_and_two_moniks" name="test_two_monitors" time="4.142" /></testsuite></testsuites>